#
# A fatal error has been detected by the Java Runtime Environment:
#
#  SIGSEGV (0xb) at pc=0x00000001030b2302, pid=7751, tid=16131
#
# JRE version: Java(TM) SE Runtime Environment (7.0_71-b14) (build 1.7.0_71-b14)
# Java VM: Java HotSpot(TM) 64-Bit Server VM (24.71-b01 mixed mode bsd-amd64 compressed oops)
# Problematic frame:
# V  [libjvm.dylib+0x2b2302]  java_lang_String::length(oopDesc*)+0x54
#
# Failed to write core dump. Core dumps have been disabled. To enable core dumping, try "ulimit -c unlimited" before starting Java again
#
# If you would like to submit a bug report, please visit:
#   http://bugreport.sun.com/bugreport/crash.jsp
#

---------------  T H R E A D  ---------------

Current thread (0x00007ff55a01d000):  JavaThread "JDWP Transport Listener: dt_socket" daemon [_thread_in_vm, id=16131, stack(0x000000010b322000,0x000000010b422000)]

siginfo:si_signo=SIGSEGV: si_errno=0, si_code=1 (SEGV_MAPERR), si_addr=0x000000000000000c

Registers:
RAX=0x0000000000000000, RBX=0x00000007fb87e4c0, RCX=0x000000000000000c, RDX=0x0000000000000000
RSP=0x000000010b421a10, RBP=0x000000010b421a10, RSI=0x00007ff558552490, RDI=0x00000007fb87e4c0
R8 =0x0000000000000000, R9 =0x00000000fffffff8, R10=0x0000000000000019, R11=0xffff800bb0a45b60
R12=0x00007ff55a01d000, R13=0x00007ff55a9d78b0, R14=0x0000000000000000, R15=0x0000000000000000
RIP=0x00000001030b2302, EFLAGS=0x0000000000010202, ERR=0x0000000000000004
  TRAPNO=0x000000000000000e

Top of Stack: (sp=0x000000010b421a10)
0x000000010b421a10:   000000010b421a40 00000001030e1c3e
0x000000010b421a20:   0000000000000000 0000000000000000
0x000000010b421a30:   00000007fb87e4c0 00007ff55a01d1e8
0x000000010b421a40:   000000010b421ab0 0000000103109506
0x000000010b421a50:   00007ff55a01d000 00007ff55a01d000
0x000000010b421a60:   0000000000000000 0000000000000000
0x000000010b421a70:   00007ff55a01d1e8 00007ff55a01d000
0x000000010b421a80:   00007ff55a01d000 000000010b421b08
0x000000010b421a90:   00007ff558552490 00007ff55a9d78b0
0x000000010b421aa0:   000000010b421c90 00007ff55a01d1e8
0x000000010b421ab0:   000000010b421ae0 000000010254d4be
0x000000010b421ac0:   000000010b421c90 000000010256ddc2
0x000000010b421ad0:   000000010b421b08 0000000102579588
0x000000010b421ae0:   000000010b421d00 0000000102554642
0x000000010b421af0:   000007c600000013 0000000000010a00
0x000000010b421b00:   00007ff55a9dbf10 000000010b421b58
0x000000010b421b10:   00007ff50000012c 000000010b421b20
0x000000010b421b20:   00007ff500000000 000000010b421b58
0x000000010b421b30:   0000000000000000 0000000000000000
0x000000010b421b40:   000007c600000029 00007fff00006f80
0x000000010b421b50:   000000010b421b58 363337311a000000
0x000000010b421b60:   7140333939303633 31383834312d7074
0x000000010b421b70:   e101362d39313536 0900000000000000
0x000000010b421b80:   00000101e2010000 0000a30000000000
0x000000010b421b90:   000070e8a15af57f 0000400000000000
0x000000010b421ba0:   000102002f000000 00a3000000000000
0x000000010b421bb0:   0010a88f5af57f00 0002020000000000
0x000000010b421bc0:   0103002f00000000 6400000000000000
0x000000010b421bd0:   f0a86658f57f0000 1a00000000000000
0x000000010b421be0:   04002f0000000000 0000000000000001
0x000000010b421bf0:   a96658f57f000065 0000000000000000
0x000000010b421c00:   002f000000000018 0000000000000105 

Instructions: (pc=0x00000001030b2302)
0x00000001030b22e2:   eb 16 48 8d 35 45 85 4c 00 8a 4e 08 48 d3 e2 48
0x00000001030b22f2:   03 16 eb 04 48 8b 14 0f 84 c0 0f 94 c0 0f b6 c0
0x00000001030b2302:   8b 44 82 0c 5d c3 8b 04 07 5d c3 90 55 48 89 e5
0x00000001030b2312:   f6 87 8d 00 00 00 02 75 04 31 ff eb 23 48 63 87 

Register to memory mapping:

RAX=0x0000000000000000 is an unknown value
RBX=0x00000007fb87e4c0 is an oop
java.lang.String 
 - klass: 'java/lang/String'
RCX=0x000000000000000c is an unknown value
RDX=0x0000000000000000 is an unknown value
RSP=0x000000010b421a10 is pointing into the stack for thread: 0x00007ff55a01d000
RBP=0x000000010b421a10 is pointing into the stack for thread: 0x00007ff55a01d000
RSI=0x00007ff558552490 is a global jni handle
RDI=0x00000007fb87e4c0 is an oop
java.lang.String 
 - klass: 'java/lang/String'
R8 =0x0000000000000000 is an unknown value
R9 =0x00000000fffffff8 is an unknown value
R10=0x0000000000000019 is an unknown value
R11=0xffff800bb0a45b60 is an unknown value
R12=0x00007ff55a01d000 is a thread
R13=0x00007ff55a9d78b0 is an unknown value
R14=0x0000000000000000 is an unknown value
R15=0x0000000000000000 is an unknown value


Stack: [0x000000010b322000,0x000000010b422000],  sp=0x000000010b421a10,  free space=1022k
Native frames: (J=compiled Java code, j=interpreted, Vv=VM code, C=native code)
V  [libjvm.dylib+0x2b2302]  java_lang_String::length(oopDesc*)+0x54
V  [libjvm.dylib+0x2e1c3e]  java_lang_String::utf8_length(oopDesc*)+0x38
V  [libjvm.dylib+0x309506]  jni_GetStringUTFChars+0x71
C  [libjdwp.dylib+0x74be]  value+0x96
C  [libjdwp.dylib+0xe642]  debugLoop_run+0x1ce
C  [libjdwp.dylib+0x1f0e2]  attachThread+0x4d
V  [libjvm.dylib+0x3787de]  JvmtiAgentThread::call_start_function()+0x38
V  [libjvm.dylib+0x4f5f69]  JavaThread::thread_main_inner()+0x9b
V  [libjvm.dylib+0x4f7671]  JavaThread::run()+0x1a3
V  [libjvm.dylib+0x420e02]  java_start(Thread*)+0x126
C  [libsystem_pthread.dylib+0x3268]  _pthread_body+0x83
C  [libsystem_pthread.dylib+0x31e5]  _pthread_body+0x0
C  [libsystem_pthread.dylib+0x141d]  thread_start+0xd


---------------  P R O C E S S  ---------------

Java Threads: ( => current thread )
  0x00007ff55c174800 JavaThread "1736360993@qtp-148816519-6" [_thread_blocked, id=12303, stack(0x000000010d792000,0x000000010d892000)]
  0x00007ff558a3f000 JavaThread "pool-2-thread-1" daemon [_thread_blocked, id=12039, stack(0x000000010e364000,0x000000010e464000)]
  0x00007ff55b92c000 JavaThread "Thread-11" daemon [_thread_blocked, id=13063, stack(0x000000010dad2000,0x000000010dbd2000)]
  0x00007ff55b884800 JavaThread "Thread-10" daemon [_thread_blocked, id=13327, stack(0x0000000109911000,0x0000000109a11000)]
  0x00007ff558a00800 JavaThread "Timer-2" daemon [_thread_blocked, id=31235, stack(0x000000010e505000,0x000000010e605000)]
  0x00007ff559ef2800 JavaThread "Timer-1" daemon [_thread_blocked, id=30723, stack(0x000000010e984000,0x000000010ea84000)]
  0x00007ff559a80800 JavaThread "48813984@qtp-148816519-1 - Acceptor0 SelectChannelConnector@0.0.0.0:8888" [_thread_in_native, id=30211, stack(0x000000010e094000,0x000000010e194000)]
  0x00007ff559276800 JavaThread "1522406115@qtp-148816519-0" [_thread_blocked, id=29447, stack(0x000000010df91000,0x000000010e091000)]
  0x00007ff5590ed000 JavaThread "Timer-0" daemon [_thread_blocked, id=27403, stack(0x000000010d4de000,0x000000010d5de000)]
  0x00007ff55a07e800 JavaThread "Service Thread" daemon [_thread_blocked, id=18691, stack(0x000000010bab3000,0x000000010bbb3000)]
  0x00007ff55a07d800 JavaThread "C2 CompilerThread1" daemon [_thread_blocked, id=18179, stack(0x000000010b9b0000,0x000000010bab0000)]
  0x00007ff559059000 JavaThread "C2 CompilerThread0" daemon [_thread_blocked, id=17667, stack(0x000000010b8ad000,0x000000010b9ad000)]
  0x00007ff55a018800 JavaThread "JDWP Command Reader" daemon [_thread_in_native, id=17155, stack(0x000000010b528000,0x000000010b628000)]
  0x00007ff55a01e000 JavaThread "JDWP Event Helper Thread" daemon [_thread_blocked, id=16643, stack(0x000000010b425000,0x000000010b525000)]
=>0x00007ff55a01d000 JavaThread "JDWP Transport Listener: dt_socket" daemon [_thread_in_vm, id=16131, stack(0x000000010b322000,0x000000010b422000)]
  0x00007ff55984b800 JavaThread "Signal Dispatcher" daemon [_thread_blocked, id=15631, stack(0x000000010b219000,0x000000010b319000)]
  0x00007ff55983a000 JavaThread "Finalizer" daemon [_thread_blocked, id=11523, stack(0x000000010977a000,0x000000010987a000)]
  0x00007ff558806000 JavaThread "Reference Handler" daemon [_thread_blocked, id=11011, stack(0x0000000109677000,0x0000000109777000)]
  0x00007ff559801000 JavaThread "main" [_thread_blocked, id=1811, stack(0x00007fff5d7b0000,0x00007fff5d830000)]

Other Threads:
  0x00007ff559839800 VMThread [stack: 0x0000000109574000,0x0000000109674000] [id=10499]
  0x00007ff55882c800 WatcherThread [stack: 0x000000010bbb6000,0x000000010bcb6000] [id=19203]

VM state:not at safepoint (normal execution)

VM Mutex/Monitor currently owned by a thread: None

Heap
 PSYoungGen      total 131584K, used 111539K [0x00000007f5500000, 0x00000007fea80000, 0x0000000800000000)
  eden space 121856K, 83% used [0x00000007f5500000,0x00000007fb8912c8,0x00000007fcc00000)
  from space 9728K, 98% used [0x00000007fe100000,0x00000007fea5bb28,0x00000007fea80000)
  to   space 14336K, 0% used [0x00000007fce80000,0x00000007fce80000,0x00000007fdc80000)
 ParOldGen       total 87040K, used 22694K [0x00000007e0000000, 0x00000007e5500000, 0x00000007f5500000)
  object space 87040K, 26% used [0x00000007e0000000,0x00000007e1629a18,0x00000007e5500000)
 PSPermGen       total 40448K, used 40119K [0x00000007dae00000, 0x00000007dd580000, 0x00000007e0000000)
  object space 40448K, 99% used [0x00000007dae00000,0x00000007dd52de60,0x00000007dd580000)

Card table byte_map: [0x0000000106920000,0x0000000106a4a000] byte_map_base: 0x0000000102a49000

Polling page: 0x0000000102545000

Code Cache  [0x0000000103860000, 0x0000000103c20000, 0x0000000106860000)
 total_blobs=1204 nmethods=826 adapters=339 free_code_cache=45364Kb largest_free_block=46400192

Compilation events (10 events):
Event: 298.289 Thread 0x00007ff55a07d800 nmethod 897 0x0000000103c19ed0 code [0x0000000103c1a080, 0x0000000103c1a7b8]
Event: 298.289 Thread 0x00007ff55a07d800  899   !         com.sun.org.apache.xerces.internal.parsers.AbstractSAXParser::characters (78 bytes)
Event: 298.291 Thread 0x00007ff55a07d800 nmethod 899 0x0000000103c1b1d0 code [0x0000000103c1b320, 0x0000000103c1b458]
Event: 298.294 Thread 0x00007ff55a07d800  900             org.apache.el.lang.EvaluationContext::isPropertyResolved (8 bytes)
Event: 298.295 Thread 0x00007ff55a07d800 nmethod 900 0x0000000103c1b590 code [0x0000000103c1b6e0, 0x0000000103c1b7b8]
Event: 298.297 Thread 0x00007ff559059000 nmethod 898 0x0000000103c1e590 code [0x0000000103c1e760, 0x0000000103c1f4f0]
Event: 299.956 Thread 0x00007ff55a07d800  901             java.util.Collections$UnmodifiableCollection$1::hasNext (10 bytes)
Event: 299.958 Thread 0x00007ff55a07d800 nmethod 901 0x0000000103c19b50 code [0x0000000103c19ca0, 0x0000000103c19db8]
Event: 299.977 Thread 0x00007ff559059000  902             org.mortbay.io.AbstractBuffer::getIndex (5 bytes)
Event: 299.978 Thread 0x00007ff559059000 nmethod 902 0x0000000103c1af50 code [0x0000000103c1b080, 0x0000000103c1b0d8]

GC Heap History (10 events):
Event: 4.454 GC heap before
{Heap before GC invocations=4 (full 0):
 PSYoungGen      total 38912K, used 38897K [0x00000007f5500000, 0x00000007fa100000, 0x0000000800000000)
  eden space 33792K, 100% used [0x00000007f5500000,0x00000007f7600000,0x00000007f7600000)
  from space 5120K, 99% used [0x00000007f7600000,0x00000007f7afc4a0,0x00000007f7b00000)
  to   space 5120K, 0% used [0x00000007f9c00000,0x00000007f9c00000,0x00000007fa100000)
 ParOldGen       total 87040K, used 6777K [0x00000007e0000000, 0x00000007e5500000, 0x00000007f5500000)
  object space 87040K, 7% used [0x00000007e0000000,0x00000007e069e510,0x00000007e5500000)
 PSPermGen       total 21504K, used 17531K [0x00000007dae00000, 0x00000007dc300000, 0x00000007e0000000)
  object space 21504K, 81% used [0x00000007dae00000,0x00000007dbf1ed38,0x00000007dc300000)
Event: 4.466 GC heap after
Heap after GC invocations=4 (full 0):
 PSYoungGen      total 72704K, used 5093K [0x00000007f5500000, 0x00000007fa100000, 0x0000000800000000)
  eden space 67584K, 0% used [0x00000007f5500000,0x00000007f5500000,0x00000007f9700000)
  from space 5120K, 99% used [0x00000007f9c00000,0x00000007fa0f9500,0x00000007fa100000)
  to   space 5120K, 0% used [0x00000007f9700000,0x00000007f9700000,0x00000007f9c00000)
 ParOldGen       total 87040K, used 9632K [0x00000007e0000000, 0x00000007e5500000, 0x00000007f5500000)
  object space 87040K, 11% used [0x00000007e0000000,0x00000007e09680f0,0x00000007e5500000)
 PSPermGen       total 21504K, used 17531K [0x00000007dae00000, 0x00000007dc300000, 0x00000007e0000000)
  object space 21504K, 81% used [0x00000007dae00000,0x00000007dbf1ed38,0x00000007dc300000)
}
Event: 5.875 GC heap before
{Heap before GC invocations=5 (full 0):
 PSYoungGen      total 72704K, used 72677K [0x00000007f5500000, 0x00000007fa100000, 0x0000000800000000)
  eden space 67584K, 100% used [0x00000007f5500000,0x00000007f9700000,0x00000007f9700000)
  from space 5120K, 99% used [0x00000007f9c00000,0x00000007fa0f9500,0x00000007fa100000)
  to   space 5120K, 0% used [0x00000007f9700000,0x00000007f9700000,0x00000007f9c00000)
 ParOldGen       total 87040K, used 9632K [0x00000007e0000000, 0x00000007e5500000, 0x00000007f5500000)
  object space 87040K, 11% used [0x00000007e0000000,0x00000007e09680f0,0x00000007e5500000)
 PSPermGen       total 23040K, used 22836K [0x00000007dae00000, 0x00000007dc480000, 0x00000007e0000000)
  object space 23040K, 99% used [0x00000007dae00000,0x00000007dc44d348,0x00000007dc480000)
Event: 5.892 GC heap after
Heap after GC invocations=5 (full 0):
 PSYoungGen      total 72704K, used 5089K [0x00000007f5500000, 0x00000007fee00000, 0x0000000800000000)
  eden space 67584K, 0% used [0x00000007f5500000,0x00000007f5500000,0x00000007f9700000)
  from space 5120K, 99% used [0x00000007f9700000,0x00000007f9bf84c0,0x00000007f9c00000)
  to   space 10752K, 0% used [0x00000007fe380000,0x00000007fe380000,0x00000007fee00000)
 ParOldGen       total 87040K, used 14171K [0x00000007e0000000, 0x00000007e5500000, 0x00000007f5500000)
  object space 87040K, 16% used [0x00000007e0000000,0x00000007e0dd6f08,0x00000007e5500000)
 PSPermGen       total 23040K, used 22836K [0x00000007dae00000, 0x00000007dc480000, 0x00000007e0000000)
  object space 23040K, 99% used [0x00000007dae00000,0x00000007dc44d348,0x00000007dc480000)
}
Event: 72.028 GC heap before
{Heap before GC invocations=6 (full 0):
 PSYoungGen      total 72704K, used 72673K [0x00000007f5500000, 0x00000007fee00000, 0x0000000800000000)
  eden space 67584K, 100% used [0x00000007f5500000,0x00000007f9700000,0x00000007f9700000)
  from space 5120K, 99% used [0x00000007f9700000,0x00000007f9bf84c0,0x00000007f9c00000)
  to   space 10752K, 0% used [0x00000007fe380000,0x00000007fe380000,0x00000007fee00000)
 ParOldGen       total 87040K, used 14171K [0x00000007e0000000, 0x00000007e5500000, 0x00000007f5500000)
  object space 87040K, 16% used [0x00000007e0000000,0x00000007e0dd6f08,0x00000007e5500000)
 PSPermGen       total 29696K, used 29484K [0x00000007dae00000, 0x00000007dcb00000, 0x00000007e0000000)
  object space 29696K, 99% used [0x00000007dae00000,0x00000007dcacb1d0,0x00000007dcb00000)
Event: 72.046 GC heap after
Heap after GC invocations=6 (full 0):
 PSYoungGen      total 142336K, used 10731K [0x00000007f5500000, 0x00000007ff500000, 0x0000000800000000)
  eden space 131584K, 0% used [0x00000007f5500000,0x00000007f5500000,0x00000007fd580000)
  from space 10752K, 99% used [0x00000007fe380000,0x00000007fedfaed8,0x00000007fee00000)
  to   space 14336K, 0% used [0x00000007fd580000,0x00000007fd580000,0x00000007fe380000)
 ParOldGen       total 87040K, used 18436K [0x00000007e0000000, 0x00000007e5500000, 0x00000007f5500000)
  object space 87040K, 21% used [0x00000007e0000000,0x00000007e12012e0,0x00000007e5500000)
 PSPermGen       total 29696K, used 29484K [0x00000007dae00000, 0x00000007dcb00000, 0x00000007e0000000)
  object space 29696K, 99% used [0x00000007dae00000,0x00000007dcacb1d0,0x00000007dcb00000)
}
Event: 78.363 GC heap before
{Heap before GC invocations=7 (full 0):
 PSYoungGen      total 142336K, used 142315K [0x00000007f5500000, 0x00000007ff500000, 0x0000000800000000)
  eden space 131584K, 100% used [0x00000007f5500000,0x00000007fd580000,0x00000007fd580000)
  from space 10752K, 99% used [0x00000007fe380000,0x00000007fedfaed8,0x00000007fee00000)
  to   space 14336K, 0% used [0x00000007fd580000,0x00000007fd580000,0x00000007fe380000)
 ParOldGen       total 87040K, used 18436K [0x00000007e0000000, 0x00000007e5500000, 0x00000007f5500000)
  object space 87040K, 21% used [0x00000007e0000000,0x00000007e12012e0,0x00000007e5500000)
 PSPermGen       total 33792K, used 33331K [0x00000007dae00000, 0x00000007dcf00000, 0x00000007e0000000)
  object space 33792K, 98% used [0x00000007dae00000,0x00000007dce8ccc8,0x00000007dcf00000)
Event: 78.380 GC heap after
Heap after GC invocations=7 (full 0):
 PSYoungGen      total 138240K, used 11346K [0x00000007f5500000, 0x00000007fed80000, 0x0000000800000000)
  eden space 126464K, 0% used [0x00000007f5500000,0x00000007f5500000,0x00000007fd080000)
  from space 11776K, 96% used [0x00000007fd580000,0x00000007fe094938,0x00000007fe100000)
  to   space 12800K, 0% used [0x00000007fe100000,0x00000007fe100000,0x00000007fed80000)
 ParOldGen       total 87040K, used 21518K [0x00000007e0000000, 0x00000007e5500000, 0x00000007f5500000)
  object space 87040K, 24% used [0x00000007e0000000,0x00000007e15039e8,0x00000007e5500000)
 PSPermGen       total 33792K, used 33331K [0x00000007dae00000, 0x00000007dcf00000, 0x00000007e0000000)
  object space 33792K, 98% used [0x00000007dae00000,0x00000007dce8ccc8,0x00000007dcf00000)
}
Event: 179.407 GC heap before
{Heap before GC invocations=8 (full 0):
 PSYoungGen      total 138240K, used 137810K [0x00000007f5500000, 0x00000007fed80000, 0x0000000800000000)
  eden space 126464K, 100% used [0x00000007f5500000,0x00000007fd080000,0x00000007fd080000)
  from space 11776K, 96% used [0x00000007fd580000,0x00000007fe094938,0x00000007fe100000)
  to   space 12800K, 0% used [0x00000007fe100000,0x00000007fe100000,0x00000007fed80000)
 ParOldGen       total 87040K, used 21518K [0x00000007e0000000, 0x00000007e5500000, 0x00000007f5500000)
  object space 87040K, 24% used [0x00000007e0000000,0x00000007e15039e8,0x00000007e5500000)
 PSPermGen       total 36864K, used 36357K [0x00000007dae00000, 0x00000007dd200000, 0x00000007e0000000)
  object space 36864K, 98% used [0x00000007dae00000,0x00000007dd1815f0,0x00000007dd200000)
Event: 179.419 GC heap after
Heap after GC invocations=8 (full 0):
 PSYoungGen      total 131584K, used 9582K [0x00000007f5500000, 0x00000007fea80000, 0x0000000800000000)
  eden space 121856K, 0% used [0x00000007f5500000,0x00000007f5500000,0x00000007fcc00000)
  from space 9728K, 98% used [0x00000007fe100000,0x00000007fea5bb28,0x00000007fea80000)
  to   space 14336K, 0% used [0x00000007fce80000,0x00000007fce80000,0x00000007fdc80000)
 ParOldGen       total 87040K, used 22694K [0x00000007e0000000, 0x00000007e5500000, 0x00000007f5500000)
  object space 87040K, 26% used [0x00000007e0000000,0x00000007e1629a18,0x00000007e5500000)
 PSPermGen       total 36864K, used 36357K [0x00000007dae00000, 0x00000007dd200000, 0x00000007e0000000)
  object space 36864K, 98% used [0x00000007dae00000,0x00000007dd1815f0,0x00000007dd200000)
}

Deoptimization events (10 events):
Event: 294.299 Thread 0x00007ff55c174800 Uncommon trap: reason=unhandled action=none pc=0x0000000103b8ac34 method=java.io.PrintWriter.ensureOpen()V @ 16
Event: 294.299 Thread 0x00007ff55c174800 Uncommon trap: reason=unhandled action=none pc=0x0000000103b8ac34 method=java.io.PrintWriter.ensureOpen()V @ 16
Event: 295.286 Thread 0x00007ff55c174800 Uncommon trap: reason=unhandled action=none pc=0x0000000103b8ac34 method=java.io.PrintWriter.ensureOpen()V @ 16
Event: 295.286 Thread 0x00007ff55c174800 Uncommon trap: reason=unhandled action=none pc=0x0000000103b8ac34 method=java.io.PrintWriter.ensureOpen()V @ 16
Event: 295.784 Thread 0x00007ff55c174800 Uncommon trap: reason=unhandled action=none pc=0x0000000103b8ac34 method=java.io.PrintWriter.ensureOpen()V @ 16
Event: 295.784 Thread 0x00007ff55c174800 Uncommon trap: reason=unhandled action=none pc=0x0000000103b8ac34 method=java.io.PrintWriter.ensureOpen()V @ 16
Event: 298.298 Thread 0x00007ff55c174800 Uncommon trap: reason=unhandled action=none pc=0x0000000103b8ac34 method=java.io.PrintWriter.ensureOpen()V @ 16
Event: 298.298 Thread 0x00007ff55c174800 Uncommon trap: reason=unhandled action=none pc=0x0000000103b8ac34 method=java.io.PrintWriter.ensureOpen()V @ 16
Event: 299.977 Thread 0x00007ff55c174800 Uncommon trap: reason=unhandled action=none pc=0x0000000103b8ac34 method=java.io.PrintWriter.ensureOpen()V @ 16
Event: 299.977 Thread 0x00007ff55c174800 Uncommon trap: reason=unhandled action=none pc=0x0000000103b8ac34 method=java.io.PrintWriter.ensureOpen()V @ 16

Internal exceptions (10 events):
Event: 312.612 Thread 0x00007ff55c174800 Threw 0x00000007fb27b208 at /HUDSON/workspace/7u-2-build-macosx-x86_64/jdk7u71/1605/hotspot/src/share/vm/prims/jvm.cpp:1281
Event: 312.613 Thread 0x00007ff55c174800 Threw 0x00000007fb29c378 at /HUDSON/workspace/7u-2-build-macosx-x86_64/jdk7u71/1605/hotspot/src/share/vm/prims/jvm.cpp:1281
Event: 312.613 Thread 0x00007ff55c174800 Threw 0x00000007fb29edf0 at /HUDSON/workspace/7u-2-build-macosx-x86_64/jdk7u71/1605/hotspot/src/share/vm/prims/jvm.cpp:1281
Event: 312.613 Thread 0x00007ff55c174800 Threw 0x00000007fb2a2f28 at /HUDSON/workspace/7u-2-build-macosx-x86_64/jdk7u71/1605/hotspot/src/share/vm/prims/jvm.cpp:1281
Event: 312.614 Thread 0x00007ff55c174800 Threw 0x00000007fb2a5ec0 at /HUDSON/workspace/7u-2-build-macosx-x86_64/jdk7u71/1605/hotspot/src/share/vm/prims/jvm.cpp:1281
Event: 312.614 Thread 0x00007ff55c174800 Threw 0x00000007fb2a7a28 at /HUDSON/workspace/7u-2-build-macosx-x86_64/jdk7u71/1605/hotspot/src/share/vm/prims/jvm.cpp:1281
Event: 312.643 Thread 0x00007ff55c174800 Threw 0x00000007fb858bb8 at /HUDSON/workspace/7u-2-build-macosx-x86_64/jdk7u71/1605/hotspot/src/share/vm/prims/jvm.cpp:1281
Event: 316.780 Thread 0x00007ff55c174800 Threw 0x00000007fb865868 at /HUDSON/workspace/7u-2-build-macosx-x86_64/jdk7u71/1605/hotspot/src/share/vm/prims/jvm.cpp:1281
Event: 316.783 Thread 0x00007ff55c174800 Threw 0x00000007fb86b168 at /HUDSON/workspace/7u-2-build-macosx-x86_64/jdk7u71/1605/hotspot/src/share/vm/prims/jvm.cpp:1281
Event: 316.783 Thread 0x00007ff55c174800 Threw 0x00000007fb86cb80 at /HUDSON/workspace/7u-2-build-macosx-x86_64/jdk7u71/1605/hotspot/src/share/vm/prims/jvm.cpp:1281

Events (10 events):
Event: 341.726 Executing VM operation: GetCurrentLocation
Event: 341.726 Executing VM operation: GetCurrentLocation done
Event: 341.726 Executing VM operation: ChangeSingleStep
Event: 341.726 Executing VM operation: ChangeSingleStep done
Event: 341.727 Executing VM operation: ChangeSingleStep
Event: 341.727 Executing VM operation: ChangeSingleStep done
Event: 341.811 Executing VM operation: GetOrSetLocal
Event: 341.811 Executing VM operation: GetOrSetLocal done
Event: 341.911 Executing VM operation: GetOrSetLocal
Event: 341.911 Executing VM operation: GetOrSetLocal done


Dynamic libraries:
0x0000000009d0a000 	/System/Library/Frameworks/Cocoa.framework/Versions/A/Cocoa
0x0000000009d0a000 	/System/Library/Frameworks/Security.framework/Versions/A/Security
0x0000000009d0a000 	/System/Library/Frameworks/ApplicationServices.framework/Versions/A/ApplicationServices
0x0000000009d0a000 	/usr/lib/libz.1.dylib
0x0000000009d0a000 	/usr/lib/libSystem.B.dylib
0x0000000009d0a000 	/usr/lib/libobjc.A.dylib
0x0000000009d0a000 	/System/Library/Frameworks/CoreFoundation.framework/Versions/A/CoreFoundation
0x0000000009d0a000 	/System/Library/Frameworks/Foundation.framework/Versions/C/Foundation
0x0000000009d0a000 	/System/Library/Frameworks/AppKit.framework/Versions/C/AppKit
0x0000000009d0a000 	/System/Library/Frameworks/CoreData.framework/Versions/A/CoreData
0x0000000009d0a000 	/System/Library/PrivateFrameworks/RemoteViewServices.framework/Versions/A/RemoteViewServices
0x0000000009d0a000 	/System/Library/PrivateFrameworks/UIFoundation.framework/Versions/A/UIFoundation
0x0000000009d0a000 	/System/Library/Frameworks/IOSurface.framework/Versions/A/IOSurface
0x0000000009d0a000 	/System/Library/Frameworks/AudioToolbox.framework/Versions/A/AudioToolbox
0x0000000009d0a000 	/System/Library/Frameworks/AudioUnit.framework/Versions/A/AudioUnit
0x0000000009d0a000 	/System/Library/PrivateFrameworks/DataDetectorsCore.framework/Versions/A/DataDetectorsCore
0x0000000009d0a000 	/System/Library/PrivateFrameworks/DesktopServicesPriv.framework/Versions/A/DesktopServicesPriv
0x0000000009d0a000 	/System/Library/Frameworks/Carbon.framework/Versions/A/Frameworks/HIToolbox.framework/Versions/A/HIToolbox
0x0000000009d0a000 	/System/Library/Frameworks/QuartzCore.framework/Versions/A/QuartzCore
0x0000000009d0a000 	/System/Library/Frameworks/Carbon.framework/Versions/A/Frameworks/SpeechRecognition.framework/Versions/A/SpeechRecognition
0x0000000009d0a000 	/usr/lib/libauto.dylib
0x0000000009d0a000 	/usr/lib/libicucore.A.dylib
0x0000000009d0a000 	/usr/lib/libxml2.2.dylib
0x0000000009d0a000 	/System/Library/PrivateFrameworks/CoreUI.framework/Versions/A/CoreUI
0x0000000009d0a000 	/System/Library/Frameworks/CoreAudio.framework/Versions/A/CoreAudio
0x0000000009d0a000 	/System/Library/Frameworks/DiskArbitration.framework/Versions/A/DiskArbitration
0x0000000009d0a000 	/usr/lib/liblangid.dylib
0x0000000009d0a000 	/System/Library/PrivateFrameworks/MultitouchSupport.framework/Versions/A/MultitouchSupport
0x0000000009d0a000 	/System/Library/Frameworks/IOKit.framework/Versions/A/IOKit
0x0000000009d0a000 	/usr/lib/libDiagnosticMessagesClient.dylib
0x0000000009d0a000 	/System/Library/Frameworks/CoreServices.framework/Versions/A/CoreServices
0x0000000009d0a000 	/System/Library/PrivateFrameworks/PerformanceAnalysis.framework/Versions/A/PerformanceAnalysis
0x0000000009d0a000 	/System/Library/PrivateFrameworks/GenerationalStorage.framework/Versions/A/GenerationalStorage
0x0000000009d0a000 	/System/Library/Frameworks/OpenGL.framework/Versions/A/OpenGL
0x0000000009d0a000 	/System/Library/PrivateFrameworks/Sharing.framework/Versions/A/Sharing
0x0000000009d0a000 	/System/Library/Frameworks/CoreGraphics.framework/Versions/A/CoreGraphics
0x0000000009d0a000 	/System/Library/Frameworks/CoreText.framework/Versions/A/CoreText
0x0000000009d0a000 	/System/Library/Frameworks/ImageIO.framework/Versions/A/ImageIO
0x0000000009d0a000 	/usr/lib/libextension.dylib
0x0000000009d0a000 	/System/Library/PrivateFrameworks/Backup.framework/Versions/A/Backup
0x0000000009d0a000 	/usr/lib/libarchive.2.dylib
0x0000000009d0a000 	/System/Library/Frameworks/CFNetwork.framework/Versions/A/CFNetwork
0x0000000009d0a000 	/System/Library/Frameworks/SystemConfiguration.framework/Versions/A/SystemConfiguration
0x0000000009d0a000 	/usr/lib/libCRFSuite.dylib
0x0000000009d0a000 	/usr/lib/libc++.1.dylib
0x0000000009d0a000 	/usr/lib/libc++abi.dylib
0x0000000009d0a000 	/usr/lib/system/libcache.dylib
0x0000000009d0a000 	/usr/lib/system/libcommonCrypto.dylib
0x0000000009d0a000 	/usr/lib/system/libcompiler_rt.dylib
0x0000000009d0a000 	/usr/lib/system/libcopyfile.dylib
0x0000000009d0a000 	/usr/lib/system/libcorecrypto.dylib
0x0000000009d0a000 	/usr/lib/system/libdispatch.dylib
0x0000000009d0a000 	/usr/lib/system/libdyld.dylib
0x0000000009d0a000 	/usr/lib/system/libkeymgr.dylib
0x0000000009d0a000 	/usr/lib/system/liblaunch.dylib
0x0000000009d0a000 	/usr/lib/system/libmacho.dylib
0x0000000009d0a000 	/usr/lib/system/libquarantine.dylib
0x0000000009d0a000 	/usr/lib/system/libremovefile.dylib
0x0000000009d0a000 	/usr/lib/system/libsystem_asl.dylib
0x0000000009d0a000 	/usr/lib/system/libsystem_blocks.dylib
0x0000000009d0a000 	/usr/lib/system/libsystem_c.dylib
0x0000000009d0a000 	/usr/lib/system/libsystem_configuration.dylib
0x0000000009d0a000 	/usr/lib/system/libsystem_coreservices.dylib
0x0000000009d0a000 	/usr/lib/system/libsystem_coretls.dylib
0x0000000009d0a000 	/usr/lib/system/libsystem_dnssd.dylib
0x0000000009d0a000 	/usr/lib/system/libsystem_info.dylib
0x0000000009d0a000 	/usr/lib/system/libsystem_kernel.dylib
0x0000000009d0a000 	/usr/lib/system/libsystem_m.dylib
0x0000000009d0a000 	/usr/lib/system/libsystem_malloc.dylib
0x0000000009d0a000 	/usr/lib/system/libsystem_network.dylib
0x0000000009d0a000 	/usr/lib/system/libsystem_networkextension.dylib
0x0000000009d0a000 	/usr/lib/system/libsystem_notify.dylib
0x0000000009d0a000 	/usr/lib/system/libsystem_platform.dylib
0x0000000009d0a000 	/usr/lib/system/libsystem_pthread.dylib
0x0000000009d0a000 	/usr/lib/system/libsystem_sandbox.dylib
0x0000000009d0a000 	/usr/lib/system/libsystem_secinit.dylib
0x0000000009d0a000 	/usr/lib/system/libsystem_stats.dylib
0x0000000009d0a000 	/usr/lib/system/libsystem_trace.dylib
0x0000000009d0a000 	/usr/lib/system/libunc.dylib
0x0000000009d0a000 	/usr/lib/system/libunwind.dylib
0x0000000009d0a000 	/usr/lib/system/libxpc.dylib
0x0000000009d0a000 	/usr/lib/libbz2.1.0.dylib
0x0000000009d0a000 	/usr/lib/liblzma.5.dylib
0x0000000009d0a000 	/usr/lib/libbsm.0.dylib
0x0000000009d0a000 	/usr/lib/libsqlite3.dylib
0x0000000009d0a000 	/usr/lib/system/libkxld.dylib
0x0000000009d0a000 	/usr/lib/libxar.1.dylib
0x0000000009d0a000 	/usr/lib/libpam.2.dylib
0x0000000009d0a000 	/usr/lib/libOpenScriptingUtil.dylib
0x0000000009d0a000 	/System/Library/Frameworks/CoreServices.framework/Versions/A/Frameworks/FSEvents.framework/Versions/A/FSEvents
0x0000000009d0a000 	/System/Library/Frameworks/CoreServices.framework/Versions/A/Frameworks/CarbonCore.framework/Versions/A/CarbonCore
0x0000000009d0a000 	/System/Library/Frameworks/CoreServices.framework/Versions/A/Frameworks/Metadata.framework/Versions/A/Metadata
0x0000000009d0a000 	/System/Library/Frameworks/CoreServices.framework/Versions/A/Frameworks/OSServices.framework/Versions/A/OSServices
0x0000000009d0a000 	/System/Library/Frameworks/CoreServices.framework/Versions/A/Frameworks/SearchKit.framework/Versions/A/SearchKit
0x0000000009d0a000 	/System/Library/Frameworks/CoreServices.framework/Versions/A/Frameworks/AE.framework/Versions/A/AE
0x0000000009d0a000 	/System/Library/Frameworks/CoreServices.framework/Versions/A/Frameworks/LaunchServices.framework/Versions/A/LaunchServices
0x0000000009d0a000 	/System/Library/Frameworks/CoreServices.framework/Versions/A/Frameworks/DictionaryServices.framework/Versions/A/DictionaryServices
0x0000000009d0a000 	/System/Library/Frameworks/NetFS.framework/Versions/A/NetFS
0x0000000009d0a000 	/System/Library/PrivateFrameworks/NetAuth.framework/Versions/A/NetAuth
0x0000000009d0a000 	/System/Library/PrivateFrameworks/login.framework/Versions/A/Frameworks/loginsupport.framework/Versions/A/loginsupport
0x0000000009d0a000 	/System/Library/PrivateFrameworks/TCC.framework/Versions/A/TCC
0x0000000009d0a000 	/usr/lib/libmecabra.dylib
0x0000000009d0a000 	/System/Library/Frameworks/ApplicationServices.framework/Versions/A/Frameworks/ATS.framework/Versions/A/ATS
0x0000000009d0a000 	/System/Library/Frameworks/ApplicationServices.framework/Versions/A/Frameworks/ColorSync.framework/Versions/A/ColorSync
0x0000000009d0a000 	/System/Library/Frameworks/ApplicationServices.framework/Versions/A/Frameworks/HIServices.framework/Versions/A/HIServices
0x0000000009d0a000 	/System/Library/Frameworks/ApplicationServices.framework/Versions/A/Frameworks/LangAnalysis.framework/Versions/A/LangAnalysis
0x0000000009d0a000 	/System/Library/Frameworks/ApplicationServices.framework/Versions/A/Frameworks/PrintCore.framework/Versions/A/PrintCore
0x0000000009d0a000 	/System/Library/Frameworks/ApplicationServices.framework/Versions/A/Frameworks/QD.framework/Versions/A/QD
0x0000000009d0a000 	/System/Library/Frameworks/ApplicationServices.framework/Versions/A/Frameworks/SpeechSynthesis.framework/Versions/A/SpeechSynthesis
0x0000000009d0a000 	/System/Library/Frameworks/Accelerate.framework/Versions/A/Accelerate
0x0000000009d0a000 	/System/Library/Frameworks/Accelerate.framework/Versions/A/Frameworks/vImage.framework/Versions/A/vImage
0x0000000009d0a000 	/System/Library/Frameworks/Accelerate.framework/Versions/A/Frameworks/vecLib.framework/Versions/A/vecLib
0x0000000009d0a000 	/System/Library/Frameworks/Accelerate.framework/Versions/A/Frameworks/vecLib.framework/Versions/A/libvDSP.dylib
0x0000000009d0a000 	/System/Library/Frameworks/Accelerate.framework/Versions/A/Frameworks/vecLib.framework/Versions/A/libvMisc.dylib
0x0000000009d0a000 	/System/Library/Frameworks/Accelerate.framework/Versions/A/Frameworks/vecLib.framework/Versions/A/libLAPACK.dylib
0x0000000009d0a000 	/System/Library/Frameworks/Accelerate.framework/Versions/A/Frameworks/vecLib.framework/Versions/A/libBLAS.dylib
0x0000000009d0a000 	/System/Library/Frameworks/Accelerate.framework/Versions/A/Frameworks/vecLib.framework/Versions/A/libLinearAlgebra.dylib
0x0000000009d0a000 	/System/Library/Frameworks/ApplicationServices.framework/Versions/A/Frameworks/ATS.framework/Versions/A/Resources/libFontParser.dylib
0x0000000009d0a000 	/System/Library/Frameworks/ApplicationServices.framework/Versions/A/Frameworks/ATS.framework/Versions/A/Resources/libFontRegistry.dylib
0x0000000009d0a000 	/System/Library/PrivateFrameworks/AppleVPA.framework/Versions/A/AppleVPA
0x0000000009d0a000 	/System/Library/PrivateFrameworks/AppleJPEG.framework/Versions/A/AppleJPEG
0x0000000009d0a000 	/System/Library/Frameworks/ImageIO.framework/Versions/A/Resources/libJPEG.dylib
0x0000000009d0a000 	/System/Library/Frameworks/ImageIO.framework/Versions/A/Resources/libTIFF.dylib
0x0000000009d0a000 	/System/Library/Frameworks/ImageIO.framework/Versions/A/Resources/libPng.dylib
0x0000000009d0a000 	/System/Library/Frameworks/ImageIO.framework/Versions/A/Resources/libGIF.dylib
0x0000000009d0a000 	/System/Library/Frameworks/ImageIO.framework/Versions/A/Resources/libJP2.dylib
0x0000000009d0a000 	/System/Library/Frameworks/ImageIO.framework/Versions/A/Resources/libRadiance.dylib
0x0000000009d0a000 	/System/Library/Frameworks/CoreVideo.framework/Versions/A/CoreVideo
0x0000000009d0a000 	/System/Library/Frameworks/OpenGL.framework/Versions/A/Libraries/libGLU.dylib
0x0000000009d0a000 	/System/Library/Frameworks/OpenGL.framework/Versions/A/Libraries/libGFXShared.dylib
0x0000000009d0a000 	/System/Library/Frameworks/OpenGL.framework/Versions/A/Libraries/libGL.dylib
0x0000000009d0a000 	/System/Library/Frameworks/OpenGL.framework/Versions/A/Libraries/libGLImage.dylib
0x0000000009d0a000 	/System/Library/Frameworks/OpenGL.framework/Versions/A/Libraries/libCVMSPluginSupport.dylib
0x0000000009d0a000 	/System/Library/Frameworks/OpenGL.framework/Versions/A/Libraries/libCoreVMClient.dylib
0x0000000009d0a000 	/usr/lib/libcups.2.dylib
0x0000000009d0a000 	/System/Library/Frameworks/Kerberos.framework/Versions/A/Kerberos
0x0000000009d0a000 	/System/Library/Frameworks/GSS.framework/Versions/A/GSS
0x0000000009d0a000 	/usr/lib/libresolv.9.dylib
0x0000000009d0a000 	/usr/lib/libiconv.2.dylib
0x0000000009d0a000 	/System/Library/PrivateFrameworks/Heimdal.framework/Versions/A/Heimdal
0x0000000009d0a000 	/usr/lib/libheimdal-asn1.dylib
0x0000000009d0a000 	/System/Library/Frameworks/OpenDirectory.framework/Versions/A/OpenDirectory
0x0000000009d0a000 	/System/Library/PrivateFrameworks/CommonAuth.framework/Versions/A/CommonAuth
0x0000000009d0a000 	/System/Library/Frameworks/OpenDirectory.framework/Versions/A/Frameworks/CFOpenDirectory.framework/Versions/A/CFOpenDirectory
0x0000000009d0a000 	/System/Library/Frameworks/SecurityFoundation.framework/Versions/A/SecurityFoundation
0x0000000009d0a000 	/System/Library/PrivateFrameworks/LanguageModeling.framework/Versions/A/LanguageModeling
0x0000000009d0a000 	/usr/lib/libcmph.dylib
0x0000000009d0a000 	/System/Library/Frameworks/ServiceManagement.framework/Versions/A/ServiceManagement
0x0000000009d0a000 	/usr/lib/libxslt.1.dylib
0x0000000009d0a000 	/System/Library/Frameworks/Carbon.framework/Versions/A/Frameworks/Ink.framework/Versions/A/Ink
0x0000000009d0a000 	/System/Library/Frameworks/QuartzCore.framework/Versions/A/Frameworks/CoreImage.framework/Versions/A/CoreImage
0x0000000009d0a000 	/System/Library/PrivateFrameworks/CrashReporterSupport.framework/Versions/A/CrashReporterSupport
0x0000000009d0a000 	/System/Library/Frameworks/OpenCL.framework/Versions/A/OpenCL
0x0000000009d0a000 	/System/Library/PrivateFrameworks/FaceCore.framework/Versions/A/FaceCore
0x0000000009d0a000 	/System/Library/PrivateFrameworks/Ubiquity.framework/Versions/A/Ubiquity
0x0000000009d0a000 	/System/Library/PrivateFrameworks/IconServices.framework/Versions/A/IconServices
0x0000000009d0a000 	/System/Library/PrivateFrameworks/ChunkingLibrary.framework/Versions/A/ChunkingLibrary
0x0000000009d0a000 	/System/Library/PrivateFrameworks/Apple80211.framework/Versions/A/Apple80211
0x0000000009d0a000 	/System/Library/Frameworks/CoreWLAN.framework/Versions/A/CoreWLAN
0x0000000009d0a000 	/System/Library/Frameworks/IOBluetooth.framework/Versions/A/IOBluetooth
0x0000000009d0a000 	/System/Library/PrivateFrameworks/CoreWiFi.framework/Versions/A/CoreWiFi
0x0000000009d0a000 	/System/Library/Frameworks/CoreBluetooth.framework/Versions/A/CoreBluetooth
0x0000000009d0a000 	/System/Library/PrivateFrameworks/DebugSymbols.framework/Versions/A/DebugSymbols
0x0000000009d0a000 	/System/Library/PrivateFrameworks/CoreSymbolication.framework/Versions/A/CoreSymbolication
0x0000000009d0a000 	/System/Library/PrivateFrameworks/Symbolication.framework/Versions/A/Symbolication
0x0000000009d0a000 	/System/Library/PrivateFrameworks/SpeechRecognitionCore.framework/Versions/A/SpeechRecognitionCore
0x0000000047b1b000 	/System/Library/CoreServices/Encodings/libJapaneseConverter.dylib
0x0000000102e00000 	/Library/Java/JavaVirtualMachines/jdk1.7.0_71.jdk/Contents/Home/jre/lib/server/libjvm.dylib
0x0000000009d0a000 	/usr/lib/libstdc++.6.dylib
0x0000000102508000 	/Library/Java/JavaVirtualMachines/jdk1.7.0_71.jdk/Contents/Home/jre/lib/libverify.dylib
0x0000000102515000 	/Library/Java/JavaVirtualMachines/jdk1.7.0_71.jdk/Contents/Home/jre/lib/libjava.dylib
0x0000000102546000 	/Library/Java/JavaVirtualMachines/jdk1.7.0_71.jdk/Contents/Home/jre/lib/libjdwp.dylib
0x0000000102583000 	/Library/Java/JavaVirtualMachines/jdk1.7.0_71.jdk/Contents/Home/jre/lib/libnpt.dylib
0x0000000102587000 	/Library/Java/JavaVirtualMachines/jdk1.7.0_71.jdk/Contents/Home/jre/lib/libinstrument.dylib
0x00000001025e1000 	/Library/Java/JavaVirtualMachines/jdk1.7.0_71.jdk/Contents/Home/jre/lib/libzip.dylib
0x000000010987c000 	/System/Library/Frameworks/JavaVM.framework/Frameworks/JavaRuntimeSupport.framework/JavaRuntimeSupport
0x0000000109892000 	/System/Library/Frameworks/JavaVM.framework/Versions/A/Frameworks/JavaNativeFoundation.framework/Versions/A/JavaNativeFoundation
0x00000001098a6000 	/System/Library/Frameworks/JavaVM.framework/Versions/A/JavaVM
0x0000000009d0a000 	/System/Library/Frameworks/Carbon.framework/Versions/A/Carbon
0x00000001098b2000 	/System/Library/PrivateFrameworks/JavaLaunching.framework/Versions/A/JavaLaunching
0x0000000009d0a000 	/System/Library/Frameworks/Carbon.framework/Versions/A/Frameworks/CommonPanels.framework/Versions/A/CommonPanels
0x0000000009d0a000 	/System/Library/Frameworks/Carbon.framework/Versions/A/Frameworks/Help.framework/Versions/A/Help
0x0000000009d0a000 	/System/Library/Frameworks/Carbon.framework/Versions/A/Frameworks/ImageCapture.framework/Versions/A/ImageCapture
0x0000000009d0a000 	/System/Library/Frameworks/Carbon.framework/Versions/A/Frameworks/OpenScripting.framework/Versions/A/OpenScripting
0x0000000009d0a000 	/System/Library/Frameworks/Carbon.framework/Versions/A/Frameworks/Print.framework/Versions/A/Print
0x0000000009d0a000 	/System/Library/Frameworks/Carbon.framework/Versions/A/Frameworks/SecurityHI.framework/Versions/A/SecurityHI
0x000000010b31b000 	/Library/Java/JavaVirtualMachines/jdk1.7.0_71.jdk/Contents/Home/jre/lib/libdt_socket.dylib
0x000000010bcb8000 	/Library/Java/JavaVirtualMachines/jdk1.7.0_71.jdk/Contents/Home/jre/lib/libawt.dylib
0x000000010bd67000 	/Library/Java/JavaVirtualMachines/jdk1.7.0_71.jdk/Contents/Home/jre/lib/./libmlib_image.dylib
0x000000010be33000 	/Library/Java/JavaVirtualMachines/jdk1.7.0_71.jdk/Contents/Home/jre/lib/lwawt/liblwawt.dylib
0x000000010bee7000 	/Library/Java/JavaVirtualMachines/jdk1.7.0_71.jdk/Contents/Home/jre/lib/libosxapp.dylib
0x0000000009d0a000 	/System/Library/Frameworks/ExceptionHandling.framework/Versions/A/ExceptionHandling
0x0000000009d0a000 	/System/Library/PrivateFrameworks/CoreServicesInternal.framework/Versions/A/CoreServicesInternal
0x0000000009d0a000 	/System/Library/PrivateFrameworks/CloudDocs.framework/Versions/A/CloudDocs
0x0000000009d0a000 	/System/Library/PrivateFrameworks/CoreDuet.framework/Versions/A/CoreDuet
0x0000000009d0a000 	/System/Library/Frameworks/CloudKit.framework/Versions/A/CloudKit
0x0000000009d0a000 	/System/Library/PrivateFrameworks/ProtocolBuffer.framework/Versions/A/ProtocolBuffer
0x0000000009d0a000 	/System/Library/PrivateFrameworks/CoreDuetDaemonProtocol.framework/Versions/A/CoreDuetDaemonProtocol
0x0000000009d0a000 	/System/Library/PrivateFrameworks/CoreDuetDebugLogging.framework/Versions/A/CoreDuetDebugLogging
0x0000000009d0a000 	/System/Library/PrivateFrameworks/MMCS.framework/Versions/A/MMCS
0x0000000009d0a000 	/System/Library/Frameworks/CoreLocation.framework/Versions/A/CoreLocation
0x0000000009d0a000 	/System/Library/PrivateFrameworks/ProtectedCloudStorage.framework/Versions/A/ProtectedCloudStorage
0x0000000009d0a000 	/System/Library/PrivateFrameworks/GeoServices.framework/Versions/A/GeoServices
0x0000000009d0a000 	/System/Library/Frameworks/CoreGraphics.framework/Versions/A/Resources/libCGCMS.A.dylib
0x000000010d3cf000 	/Library/Java/JavaVirtualMachines/jdk1.7.0_71.jdk/Contents/Home/jre/lib/libfontmanager.dylib
0x000000010d4cf000 	/Library/Java/JavaVirtualMachines/jdk1.7.0_71.jdk/Contents/Home/jre/lib/libosx.dylib
0x000000010d6c0000 	/Library/Java/JavaVirtualMachines/jdk1.7.0_71.jdk/Contents/Home/jre/lib/libnio.dylib
0x000000010d6cf000 	/Library/Java/JavaVirtualMachines/jdk1.7.0_71.jdk/Contents/Home/jre/lib/./libnet.dylib
0x000000010d72d000 	/Library/Java/JavaVirtualMachines/jdk1.7.0_71.jdk/Contents/Home/jre/lib/libsunec.dylib

VM Arguments:
jvm_args: -agentlib:jdwp=transport=dt_socket,suspend=y,address=localhost:57680 -Xmx512m -javaagent:/Applications/eclipse4.3/plugins/com.google.appengine.eclipse.sdkbundle_1.9.6/appengine-java-sdk-1.9.6/lib/agent/appengine-agent.jar -Dappengine.user.timezone=JST -Xbootclasspath/p:/Applications/eclipse4.3/plugins/com.google.appengine.eclipse.sdkbundle_1.9.6/appengine-java-sdk-1.9.6/lib/override/appengine-dev-jdk-overrides.jar -Dfile.encoding=UTF-8 
java_command: com.google.appengine.tools.development.DevAppServerMain --port=8888 --address=0.0.0.0 /Users/kazuya/Documents/workspace/agri/war
Launcher Type: SUN_STANDARD

Environment Variables:
PATH=/usr/bin:/bin:/usr/sbin:/sbin
SHELL=/bin/bash
DISPLAY=/private/tmp/com.apple.launchd.V3CIGXTaVA/org.macosforge.xquartz:0

Signal Handlers:
SIGSEGV: [libjvm.dylib+0x52c49d], sa_mask[0]=0xfffefeff, sa_flags=0x00000043
SIGBUS: [libjvm.dylib+0x52c49d], sa_mask[0]=0xfffefeff, sa_flags=0x00000042
SIGFPE: [libjvm.dylib+0x41e53a], sa_mask[0]=0xfffefeff, sa_flags=0x00000042
SIGPIPE: [libjvm.dylib+0x41e53a], sa_mask[0]=0xfffefeff, sa_flags=0x00000042
SIGXFSZ: [libjvm.dylib+0x41e53a], sa_mask[0]=0xfffefeff, sa_flags=0x00000042
SIGILL: [libjvm.dylib+0x41e53a], sa_mask[0]=0xfffefeff, sa_flags=0x00000042
SIGUSR1: SIG_DFL, sa_mask[0]=0x00000000, sa_flags=0x00000000
SIGUSR2: [libjvm.dylib+0x41e02c], sa_mask[0]=0x00000004, sa_flags=0x00000042
SIGHUP: [libjvm.dylib+0x41c2bd], sa_mask[0]=0xfffefeff, sa_flags=0x00000042
SIGINT: [libjvm.dylib+0x41c2bd], sa_mask[0]=0xfffefeff, sa_flags=0x00000042
SIGTERM: [libjvm.dylib+0x41c2bd], sa_mask[0]=0xfffefeff, sa_flags=0x00000042
SIGQUIT: [libjvm.dylib+0x41c2bd], sa_mask[0]=0xfffefeff, sa_flags=0x00000042


---------------  S Y S T E M  ---------------

OS:Bsduname:Darwin 14.3.0 Darwin Kernel Version 14.3.0: Mon Mar 23 11:59:05 PDT 2015; root:xnu-2782.20.48~5/RELEASE_X86_64 x86_64
rlimit: STACK 8192k, CORE 0k, NPROC 709, NOFILE 10240, AS infinity
load average:1.49 1.60 1.50

CPU:total 4 (2 cores per cpu, 2 threads per core) family 6 model 58 stepping 9, cmov, cx8, fxsr, mmx, sse, sse2, sse3, ssse3, sse4.1, sse4.2, popcnt, avx, aes, erms, ht, tsc, tscinvbit, tscinv

Memory: 4k page, physical 8388608k(2097152k free)

/proc/meminfo:


vm_info: Java HotSpot(TM) 64-Bit Server VM (24.71-b01) for bsd-amd64 JRE (1.7.0_71-b14), built on Sep 26 2014 16:11:44 by "java_re" with gcc 4.2.1 (Based on Apple Inc. build 5658) (LLVM build 2336.11.00)

time: Fri May 15 23:26:51 2015
elapsed time: 342 seconds

